<?xml version="1.0" encoding="UTF-8"?>
<Site BuildName="Win32-mingw32-make"
	BuildStamp="20241014-0555-Experimental"
	Name="Phil"
	Generator="ctest-3.26.0-rc6"
	CompilerName="C:/mingw64/bin/c++.exe"
	CompilerVersion="14.2.0"
	OSName="Windows"
	Hostname="Phil"
	OSRelease=" Personal"
	OSVersion=" (Build 22631)"
	OSPlatform="AMD64"
	Is64Bits="1"
	VendorString="AuthenticAMD"
	VendorID="Advanced Micro Devices"
	FamilyID="15"
	ModelID="8"
	ProcessorCacheSize="64"
	NumberOfLogicalCPU="12"
	NumberOfPhysicalCPU="6"
	TotalVirtualMemory="18110"
	TotalPhysicalMemory="7542"
	LogicalProcessorsPerPhysical="2"
	ProcessorClockFrequency="2104"
	>
	<Testing>
		<StartDateTime>Oct 14 10:15 Mitteleurop[NON-UTF-8-BYTE-0xE4]ische Sommerzeit</StartDateTime>
		<StartTestTime>1728893758</StartTestTime>
		<TestList/>
		<EndDateTime>Oct 14 10:15 Mitteleurop[NON-UTF-8-BYTE-0xE4]ische Sommerzeit</EndDateTime>
		<EndTestTime>1728893758</EndTestTime>
		<ElapsedMinutes>0</ElapsedMinutes>
	</Testing>
</Site>
