<?xml version="1.0" encoding="UTF-8"?>
<Site BuildName="Win32-mingw32-make"
	BuildStamp="20241016-0741-Experimental"
	Name="Phil"
	Generator="ctest-3.26.0-rc6"
	CompilerName="C:/Program Files/Microsoft Visual Studio/2022/Community/VC/Tools/MSVC/14.37.32822/bin/Hostx64/x64/cl.exe"
	CompilerVersion="19.37.32825.0"
	OSName="Windows"
	Hostname="Phil"
	OSRelease=" Personal"
	OSVersion=" (Build 22631)"
	OSPlatform="AMD64"
	Is64Bits="1"
	VendorString="AuthenticAMD"
	VendorID="Advanced Micro Devices"
	FamilyID="15"
	ModelID="8"
	ProcessorCacheSize="64"
	NumberOfLogicalCPU="12"
	NumberOfPhysicalCPU="6"
	TotalVirtualMemory="15084"
	TotalPhysicalMemory="7542"
	LogicalProcessorsPerPhysical="2"
	ProcessorClockFrequency="2095"
	>
	<Testing>
		<StartDateTime>Oct 16 10:19 Mitteleurop[NON-UTF-8-BYTE-0xE4]ische Sommerzeit</StartDateTime>
		<StartTestTime>1729066741</StartTestTime>
		<TestList/>
		<EndDateTime>Oct 16 10:19 Mitteleurop[NON-UTF-8-BYTE-0xE4]ische Sommerzeit</EndDateTime>
		<EndTestTime>1729066741</EndTestTime>
		<ElapsedMinutes>0</ElapsedMinutes>
	</Testing>
</Site>
