<?xml version="1.0" encoding="UTF-8"?>
<Site BuildName="Win32-mingw32-make"
	BuildStamp="20241106-0947-Experimental"
	Name="Phil"
	Generator="ctest-3.26.0-rc6"
	CompilerName="C:/mingw64/bin/g++.exe"
	CompilerVersion="14.2.0"
	OSName="Windows"
	Hostname="Phil"
	OSRelease=" Personal"
	OSVersion=" (Build 22631)"
	OSPlatform="AMD64"
	Is64Bits="1"
	VendorString="AuthenticAMD"
	VendorID="Advanced Micro Devices"
	FamilyID="15"
	ModelID="8"
	ProcessorCacheSize="64"
	NumberOfLogicalCPU="12"
	NumberOfPhysicalCPU="6"
	TotalVirtualMemory="15084"
	TotalPhysicalMemory="7542"
	LogicalProcessorsPerPhysical="2"
	ProcessorClockFrequency="2096"
	>
	<Testing>
		<StartDateTime>Nov 06 10:47 Mitteleurop[NON-UTF-8-BYTE-0xE4]ische Zeit</StartDateTime>
		<StartTestTime>1730886433</StartTestTime>
		<TestList/>
		<EndDateTime>Nov 06 10:47 Mitteleurop[NON-UTF-8-BYTE-0xE4]ische Zeit</EndDateTime>
		<EndTestTime>1730886433</EndTestTime>
		<ElapsedMinutes>0</ElapsedMinutes>
	</Testing>
</Site>
